<?xml version="1.0" encoding="UTF-8"?>
<coverage generated="1767842145864" clover="3.2.0">
  <project timestamp="1767842145864" name="All files">
    <metrics statements="193" coveredstatements="114" conditionals="96" coveredconditionals="35" methods="25" coveredmethods="17" elements="314" coveredelements="166" complexity="0" loc="193" ncloc="193" packages="7" files="16" classes="16"/>
    <package name="Backend">
      <metrics statements="4" coveredstatements="4" conditionals="0" coveredconditionals="0" methods="1" coveredmethods="1"/>
      <file name="swagger.js" path="C:\Users\carol\FIAP\fase3\Backend\swagger.js">
        <metrics statements="4" coveredstatements="4" conditionals="0" coveredconditionals="0" methods="1" coveredmethods="1"/>
        <line num="5" count="2" type="stmt"/>
        <line num="31" count="2" type="stmt"/>
        <line num="34" count="2" type="stmt"/>
        <line num="35" count="2" type="stmt"/>
      </file>
    </package>
    <package name="Backend.src">
      <metrics statements="8" coveredstatements="8" conditionals="0" coveredconditionals="0" methods="1" coveredmethods="1"/>
      <file name="app.js" path="C:\Users\carol\FIAP\fase3\Backend\src\app.js">
        <metrics statements="8" coveredstatements="8" conditionals="0" coveredconditionals="0" methods="1" coveredmethods="1"/>
        <line num="8" count="2" type="stmt"/>
        <line num="11" count="2" type="stmt"/>
        <line num="14" count="2" type="stmt"/>
        <line num="17" count="2" type="stmt"/>
        <line num="20" count="2" type="stmt"/>
        <line num="23" count="2" type="stmt"/>
        <line num="26" count="2" type="stmt"/>
        <line num="29" count="2" type="stmt"/>
      </file>
    </package>
    <package name="Backend.src.config">
      <metrics statements="21" coveredstatements="16" conditionals="12" coveredconditionals="4" methods="2" coveredmethods="2"/>
      <file name="dbConnect.js" path="C:\Users\carol\FIAP\fase3\Backend\src\config\dbConnect.js">
        <metrics statements="21" coveredstatements="16" conditionals="12" coveredconditionals="4" methods="2" coveredmethods="2"/>
        <line num="5" count="1" type="stmt"/>
        <line num="8" count="1" type="cond" truecount="1" falsecount="1"/>
        <line num="10" count="1" type="stmt"/>
        <line num="13" count="1" type="cond" truecount="1" falsecount="1"/>
        <line num="14" count="1" type="stmt"/>
        <line num="17" count="1" type="stmt"/>
        <line num="18" count="1" type="stmt"/>
        <line num="20" count="0" type="stmt"/>
        <line num="21" count="0" type="cond" truecount="0" falsecount="2"/>
        <line num="24" count="1" type="stmt"/>
        <line num="29" count="1" type="stmt"/>
        <line num="30" count="1" type="stmt"/>
        <line num="31" count="1" type="stmt"/>
        <line num="33" count="0" type="stmt"/>
        <line num="34" count="0" type="cond" truecount="0" falsecount="2"/>
        <line num="35" count="0" type="stmt"/>
        <line num="40" count="1" type="cond" truecount="1" falsecount="1"/>
        <line num="41" count="1" type="stmt"/>
        <line num="42" count="1" type="stmt"/>
        <line num="43" count="1" type="stmt"/>
        <line num="45" count="1" type="cond" truecount="1" falsecount="1"/>
      </file>
    </package>
    <package name="Backend.src.controllers">
      <metrics statements="89" coveredstatements="53" conditionals="56" coveredconditionals="27" methods="13" coveredmethods="10"/>
      <file name="postController.js" path="C:\Users\carol\FIAP\fase3\Backend\src\controllers\postController.js">
        <metrics statements="73" coveredstatements="37" conditionals="46" coveredconditionals="17" methods="11" coveredmethods="8"/>
        <line num="7" count="3" type="stmt"/>
        <line num="8" count="3" type="stmt"/>
        <line num="9" count="3" type="stmt"/>
        <line num="10" count="3" type="stmt"/>
        <line num="11" count="3" type="stmt"/>
        <line num="18" count="1" type="stmt"/>
        <line num="20" count="1" type="cond" truecount="2" falsecount="0"/>
        <line num="21" count="1" type="cond" truecount="2" falsecount="0"/>
        <line num="22" count="1" type="stmt"/>
        <line num="25" count="1" type="stmt"/>
        <line num="26" count="1" type="cond" truecount="1" falsecount="1"/>
        <line num="27" count="0" type="stmt"/>
        <line num="30" count="1" type="stmt"/>
        <line num="31" count="1" type="stmt"/>
        <line num="39" count="1" type="stmt"/>
        <line num="40" count="1" type="stmt"/>
        <line num="41" count="1" type="stmt"/>
        <line num="51" count="1" type="stmt"/>
        <line num="52" count="1" type="stmt"/>
        <line num="53" count="1" type="stmt"/>
        <line num="54" count="1" type="stmt"/>
        <line num="58" count="1" type="stmt"/>
        <line num="59" count="1" type="stmt"/>
        <line num="60" count="1" type="stmt"/>
        <line num="61" count="1" type="stmt"/>
        <line num="67" count="1" type="stmt"/>
        <line num="75" count="0" type="stmt"/>
        <line num="81" count="2" type="stmt"/>
        <line num="82" count="2" type="stmt"/>
        <line num="83" count="2" type="stmt"/>
        <line num="85" count="2" type="cond" truecount="2" falsecount="0"/>
        <line num="87" count="1" type="stmt"/>
        <line num="97" count="0" type="stmt"/>
        <line num="103" count="0" type="stmt"/>
        <line num="104" count="0" type="stmt"/>
        <line num="107" count="0" type="stmt"/>
        <line num="108" count="0" type="cond" truecount="0" falsecount="2"/>
        <line num="111" count="0" type="stmt"/>
        <line num="112" count="0" type="cond" truecount="0" falsecount="2"/>
        <line num="114" count="0" type="stmt"/>
        <line num="117" count="0" type="stmt"/>
        <line num="126" count="0" type="stmt"/>
        <line num="128" count="0" type="stmt"/>
        <line num="140" count="0" type="stmt"/>
        <line num="146" count="0" type="stmt"/>
        <line num="147" count="0" type="stmt"/>
        <line num="148" count="0" type="stmt"/>
        <line num="150" count="0" type="stmt"/>
        <line num="151" count="0" type="cond" truecount="0" falsecount="2"/>
        <line num="153" count="0" type="cond" truecount="0" falsecount="2"/>
        <line num="154" count="0" type="cond" truecount="0" falsecount="2"/>
        <line num="155" count="0" type="cond" truecount="0" falsecount="2"/>
        <line num="156" count="0" type="cond" truecount="0" falsecount="2"/>
        <line num="157" count="0" type="stmt"/>
        <line num="160" count="0" type="stmt"/>
        <line num="162" count="0" type="stmt"/>
        <line num="171" count="0" type="stmt"/>
        <line num="177" count="0" type="stmt"/>
        <line num="178" count="0" type="stmt"/>
        <line num="179" count="0" type="stmt"/>
        <line num="180" count="0" type="cond" truecount="0" falsecount="2"/>
        <line num="181" count="0" type="stmt"/>
        <line num="184" count="0" type="stmt"/>
        <line num="185" count="0" type="stmt"/>
        <line num="187" count="0" type="stmt"/>
        <line num="193" count="2" type="stmt"/>
        <line num="194" count="2" type="stmt"/>
        <line num="195" count="2" type="cond" truecount="2" falsecount="0"/>
        <line num="197" count="1" type="stmt"/>
        <line num="199" count="1" type="stmt"/>
        <line num="207" count="1" type="stmt"/>
        <line num="215" count="1" type="stmt"/>
        <line num="217" count="0" type="stmt"/>
      </file>
      <file name="validacaoController.js" path="C:\Users\carol\FIAP\fase3\Backend\src\controllers\validacaoController.js">
        <metrics statements="16" coveredstatements="16" conditionals="10" coveredconditionals="10" methods="2" coveredmethods="2"/>
        <line num="10" count="2" type="stmt"/>
        <line num="11" count="2" type="stmt"/>
        <line num="12" count="2" type="stmt"/>
        <line num="13" count="2" type="stmt"/>
        <line num="15" count="1" type="stmt"/>
        <line num="20" count="1" type="stmt"/>
        <line num="25" count="5" type="stmt"/>
        <line num="26" count="5" type="stmt"/>
        <line num="29" count="5" type="cond" truecount="4" falsecount="0"/>
        <line num="31" count="4" type="stmt"/>
        <line num="32" count="3" type="cond" truecount="2" falsecount="0"/>
        <line num="34" count="2" type="stmt"/>
        <line num="35" count="2" type="cond" truecount="2" falsecount="0"/>
        <line num="38" count="1" type="stmt"/>
        <line num="50" count="1" type="stmt"/>
        <line num="61" count="1" type="stmt"/>
      </file>
    </package>
    <package name="Backend.src.middleware">
      <metrics statements="22" coveredstatements="6" conditionals="16" coveredconditionals="2" methods="3" coveredmethods="1"/>
      <file name="errorHandler.js" path="C:\Users\carol\FIAP\fase3\Backend\src\middleware\errorHandler.js">
        <metrics statements="6" coveredstatements="0" conditionals="8" coveredconditionals="0" methods="1" coveredmethods="0"/>
        <line num="2" count="0" type="stmt"/>
        <line num="4" count="0" type="cond" truecount="0" falsecount="2"/>
        <line num="5" count="0" type="stmt"/>
        <line num="8" count="0" type="cond" truecount="0" falsecount="2"/>
        <line num="9" count="0" type="stmt"/>
        <line num="12" count="0" type="cond" truecount="0" falsecount="2"/>
      </file>
      <file name="notFound.js" path="C:\Users\carol\FIAP\fase3\Backend\src\middleware\notFound.js">
        <metrics statements="1" coveredstatements="0" conditionals="0" coveredconditionals="0" methods="1" coveredmethods="0"/>
        <line num="2" count="0" type="stmt"/>
      </file>
      <file name="uploadImagem.js" path="C:\Users\carol\FIAP\fase3\Backend\src\middleware\uploadImagem.js">
        <metrics statements="2" coveredstatements="2" conditionals="0" coveredconditionals="0" methods="0" coveredmethods="0"/>
        <line num="4" count="2" type="stmt"/>
        <line num="5" count="2" type="stmt"/>
      </file>
      <file name="validarProfessor.js" path="C:\Users\carol\FIAP\fase3\Backend\src\middleware\validarProfessor.js">
        <metrics statements="13" coveredstatements="4" conditionals="8" coveredconditionals="2" methods="1" coveredmethods="1"/>
        <line num="7" count="7" type="stmt"/>
        <line num="8" count="7" type="stmt"/>
        <line num="9" count="7" type="cond" truecount="2" falsecount="2"/>
        <line num="10" count="7" type="stmt"/>
        <line num="12" count="0" type="stmt"/>
        <line num="14" count="0" type="stmt"/>
        <line num="15" count="0" type="cond" truecount="0" falsecount="2"/>
        <line num="17" count="0" type="stmt"/>
        <line num="20" count="0" type="cond" truecount="0" falsecount="2"/>
        <line num="21" count="0" type="stmt"/>
        <line num="24" count="0" type="stmt"/>
        <line num="25" count="0" type="stmt"/>
        <line num="27" count="0" type="stmt"/>
      </file>
    </package>
    <package name="Backend.src.models">
      <metrics statements="9" coveredstatements="9" conditionals="4" coveredconditionals="2" methods="1" coveredmethods="1"/>
      <file name="Comentario.js" path="C:\Users\carol\FIAP\fase3\Backend\src\models\Comentario.js">
        <metrics statements="2" coveredstatements="2" conditionals="0" coveredconditionals="0" methods="0" coveredmethods="0"/>
        <line num="3" count="2" type="stmt"/>
        <line num="12" count="2" type="stmt"/>
      </file>
      <file name="Post.js" path="C:\Users\carol\FIAP\fase3\Backend\src\models\Post.js">
        <metrics statements="5" coveredstatements="5" conditionals="4" coveredconditionals="2" methods="1" coveredmethods="1"/>
        <line num="3" count="2" type="stmt"/>
        <line num="30" count="2" type="stmt"/>
        <line num="32" count="1" type="cond" truecount="1" falsecount="1"/>
        <line num="33" count="1" type="cond" truecount="1" falsecount="1"/>
        <line num="37" count="2" type="stmt"/>
      </file>
      <file name="Usuario.js" path="C:\Users\carol\FIAP\fase3\Backend\src\models\Usuario.js">
        <metrics statements="2" coveredstatements="2" conditionals="0" coveredconditionals="0" methods="0" coveredmethods="0"/>
        <line num="4" count="3" type="stmt"/>
        <line num="11" count="3" type="stmt"/>
      </file>
    </package>
    <package name="Backend.src.routes">
      <metrics statements="40" coveredstatements="18" conditionals="8" coveredconditionals="0" methods="4" coveredmethods="1"/>
      <file name="comentariosRoutes.js" path="C:\Users\carol\FIAP\fase3\Backend\src\routes\comentariosRoutes.js">
        <metrics statements="26" coveredstatements="4" conditionals="8" coveredconditionals="0" methods="3" coveredmethods="0"/>
        <line num="6" count="2" type="stmt"/>
        <line num="9" count="2" type="stmt"/>
        <line num="10" count="0" type="stmt"/>
        <line num="11" count="0" type="stmt"/>
        <line num="12" count="0" type="stmt"/>
        <line num="13" count="0" type="cond" truecount="0" falsecount="4"/>
        <line num="14" count="0" type="stmt"/>
        <line num="15" count="0" type="cond" truecount="0" falsecount="2"/>
        <line num="16" count="0" type="stmt"/>
        <line num="17" count="0" type="stmt"/>
        <line num="18" count="0" type="stmt"/>
        <line num="20" count="0" type="stmt"/>
        <line num="25" count="2" type="stmt"/>
        <line num="26" count="0" type="stmt"/>
        <line num="27" count="0" type="stmt"/>
        <line num="28" count="0" type="stmt"/>
        <line num="29" count="0" type="stmt"/>
        <line num="31" count="0" type="stmt"/>
        <line num="36" count="2" type="stmt"/>
        <line num="37" count="0" type="stmt"/>
        <line num="38" count="0" type="stmt"/>
        <line num="39" count="0" type="stmt"/>
        <line num="40" count="0" type="cond" truecount="0" falsecount="2"/>
        <line num="41" count="0" type="stmt"/>
        <line num="42" count="0" type="stmt"/>
        <line num="44" count="0" type="stmt"/>
      </file>
      <file name="indexRoutes.js" path="C:\Users\carol\FIAP\fase3\Backend\src\routes\indexRoutes.js">
        <metrics statements="4" coveredstatements="4" conditionals="0" coveredconditionals="0" methods="1" coveredmethods="1"/>
        <line num="7" count="2" type="stmt"/>
        <line num="8" count="2" type="stmt"/>
        <line num="9" count="2" type="stmt"/>
        <line num="10" count="2" type="stmt"/>
      </file>
      <file name="postsRoutes.js" path="C:\Users\carol\FIAP\fase3\Backend\src\routes\postsRoutes.js">
        <metrics statements="7" coveredstatements="7" conditionals="0" coveredconditionals="0" methods="0" coveredmethods="0"/>
        <line num="6" count="2" type="stmt"/>
        <line num="89" count="2" type="stmt"/>
        <line num="125" count="2" type="stmt"/>
        <line num="160" count="2" type="stmt"/>
        <line num="202" count="2" type="stmt"/>
        <line num="254" count="2" type="stmt"/>
        <line num="315" count="2" type="stmt"/>
      </file>
      <file name="validacaoRoutes.js" path="C:\Users\carol\FIAP\fase3\Backend\src\routes\validacaoRoutes.js">
        <metrics statements="3" coveredstatements="3" conditionals="0" coveredconditionals="0" methods="0" coveredmethods="0"/>
        <line num="4" count="2" type="stmt"/>
        <line num="78" count="2" type="stmt"/>
        <line num="124" count="2" type="stmt"/>
      </file>
    </package>
  </project>
</coverage>
