{"C:\\Users\\carol\\FIAP\\fase3\\Backend\\swagger.js": {"path":"C:\\Users\\carol\\FIAP\\fase3\\Backend\\swagger.js","statementMap":{"0":{"start":{"line":5,"column":16},"end":{"line":29,"column":1}},"1":{"start":{"line":31,"column":20},"end":{"line":31,"column":41}},"2":{"start":{"line":34,"column":2},"end":{"line":34,"column":70}},"3":{"start":{"line":35,"column":2},"end":{"line":35,"column":73}}},"fnMap":{"0":{"name":"swaggerDocs","decl":{"start":{"line":33,"column":16},"end":{"line":33,"column":27}},"loc":{"start":{"line":33,"column":33},"end":{"line":36,"column":1}},"line":33}},"branchMap":{},"s":{"0":2,"1":2,"2":2,"3":2},"f":{"0":2},"b":{},"_coverageSchema":"1a1c01bbd47fc00a2c39e90264f33305004495a9","hash":"7b94760984e405a230ff2386a4a1b8b36e1dd3c0"}
,"C:\\Users\\carol\\FIAP\\fase3\\Backend\\src\\app.js": {"path":"C:\\Users\\carol\\FIAP\\fase3\\Backend\\src\\app.js","statementMap":{"0":{"start":{"line":8,"column":12},"end":{"line":8,"column":21}},"1":{"start":{"line":11,"column":0},"end":{"line":11,"column":16}},"2":{"start":{"line":14,"column":0},"end":{"line":14,"column":24}},"3":{"start":{"line":17,"column":0},"end":{"line":17,"column":65}},"4":{"start":{"line":17,"column":27},"end":{"line":17,"column":63}},"5":{"start":{"line":20,"column":0},"end":{"line":20,"column":17}},"6":{"start":{"line":23,"column":0},"end":{"line":23,"column":17}},"7":{"start":{"line":26,"column":0},"end":{"line":26,"column":18}},"8":{"start":{"line":29,"column":0},"end":{"line":29,"column":22}}},"fnMap":{"0":{"name":"(anonymous_0)","decl":{"start":{"line":17,"column":13},"end":{"line":17,"column":14}},"loc":{"start":{"line":17,"column":27},"end":{"line":17,"column":63}},"line":17}},"branchMap":{},"s":{"0":2,"1":2,"2":2,"3":2,"4":1,"5":2,"6":2,"7":2,"8":2},"f":{"0":1},"b":{},"_coverageSchema":"1a1c01bbd47fc00a2c39e90264f33305004495a9","hash":"c1f7299ddce03023a9840556e5c72dbaa1b8fe86"}
,"C:\\Users\\carol\\FIAP\\fase3\\Backend\\src\\config\\dbConnect.js": {"path":"C:\\Users\\carol\\FIAP\\fase3\\Backend\\src\\config\\dbConnect.js","statementMap":{"0":{"start":{"line":5,"column":18},"end":{"line":5,"column":23}},"1":{"start":{"line":8,"column":4},"end":{"line":8,"column":48}},"2":{"start":{"line":8,"column":21},"end":{"line":8,"column":48}},"3":{"start":{"line":10,"column":4},"end":{"line":36,"column":5}},"4":{"start":{"line":13,"column":8},"end":{"line":22,"column":9}},"5":{"start":{"line":14,"column":12},"end":{"line":16,"column":15}},"6":{"start":{"line":17,"column":12},"end":{"line":17,"column":44}},"7":{"start":{"line":18,"column":12},"end":{"line":18,"column":70}},"8":{"start":{"line":20,"column":12},"end":{"line":20,"column":56}},"9":{"start":{"line":21,"column":12},"end":{"line":21,"column":88}},"10":{"start":{"line":21,"column":27},"end":{"line":21,"column":88}},"11":{"start":{"line":24,"column":8},"end":{"line":27,"column":11}},"12":{"start":{"line":29,"column":8},"end":{"line":29,"column":27}},"13":{"start":{"line":30,"column":8},"end":{"line":30,"column":52}},"14":{"start":{"line":31,"column":8},"end":{"line":31,"column":35}},"15":{"start":{"line":33,"column":8},"end":{"line":33,"column":69}},"16":{"start":{"line":34,"column":8},"end":{"line":34,"column":61}},"17":{"start":{"line":34,"column":45},"end":{"line":34,"column":61}},"18":{"start":{"line":35,"column":8},"end":{"line":35,"column":20}},"19":{"start":{"line":40,"column":4},"end":{"line":44,"column":5}},"20":{"start":{"line":41,"column":8},"end":{"line":41,"column":49}},"21":{"start":{"line":42,"column":8},"end":{"line":42,"column":42}},"22":{"start":{"line":43,"column":8},"end":{"line":43,"column":28}},"23":{"start":{"line":45,"column":4},"end":{"line":45,"column":46}},"24":{"start":{"line":45,"column":21},"end":{"line":45,"column":46}}},"fnMap":{"0":{"name":"conectaNaDatabase","decl":{"start":{"line":7,"column":15},"end":{"line":7,"column":32}},"loc":{"start":{"line":7,"column":35},"end":{"line":37,"column":1}},"line":7},"1":{"name":"disconnectTestDB","decl":{"start":{"line":39,"column":15},"end":{"line":39,"column":31}},"loc":{"start":{"line":39,"column":34},"end":{"line":46,"column":1}},"line":39}},"branchMap":{"0":{"loc":{"start":{"line":8,"column":4},"end":{"line":8,"column":48}},"type":"if","locations":[{"start":{"line":8,"column":4},"end":{"line":8,"column":48}},{"start":{},"end":{}}],"line":8},"1":{"loc":{"start":{"line":13,"column":8},"end":{"line":22,"column":9}},"type":"if","locations":[{"start":{"line":13,"column":8},"end":{"line":22,"column":9}},{"start":{"line":19,"column":15},"end":{"line":22,"column":9}}],"line":13},"2":{"loc":{"start":{"line":21,"column":12},"end":{"line":21,"column":88}},"type":"if","locations":[{"start":{"line":21,"column":12},"end":{"line":21,"column":88}},{"start":{},"end":{}}],"line":21},"3":{"loc":{"start":{"line":34,"column":8},"end":{"line":34,"column":61}},"type":"if","locations":[{"start":{"line":34,"column":8},"end":{"line":34,"column":61}},{"start":{},"end":{}}],"line":34},"4":{"loc":{"start":{"line":40,"column":4},"end":{"line":44,"column":5}},"type":"if","locations":[{"start":{"line":40,"column":4},"end":{"line":44,"column":5}},{"start":{},"end":{}}],"line":40},"5":{"loc":{"start":{"line":45,"column":4},"end":{"line":45,"column":46}},"type":"if","locations":[{"start":{"line":45,"column":4},"end":{"line":45,"column":46}},{"start":{},"end":{}}],"line":45}},"s":{"0":1,"1":1,"2":0,"3":1,"4":1,"5":1,"6":1,"7":1,"8":0,"9":0,"10":0,"11":1,"12":1,"13":1,"14":1,"15":0,"16":0,"17":0,"18":0,"19":1,"20":1,"21":1,"22":1,"23":1,"24":1},"f":{"0":1,"1":1},"b":{"0":[0,1],"1":[1,0],"2":[0,0],"3":[0,0],"4":[1,0],"5":[1,0]},"_coverageSchema":"1a1c01bbd47fc00a2c39e90264f33305004495a9","hash":"589d32bc1dd8416c14bd57e4adfbbbf07fcd586e"}
,"C:\\Users\\carol\\FIAP\\fase3\\Backend\\src\\controllers\\postController.js": {"path":"C:\\Users\\carol\\FIAP\\fase3\\Backend\\src\\controllers\\postController.js","statementMap":{"0":{"start":{"line":7,"column":12},"end":{"line":7,"column":26}},"1":{"start":{"line":8,"column":14},"end":{"line":8,"column":50}},"2":{"start":{"line":9,"column":14},"end":{"line":9,"column":55}},"3":{"start":{"line":10,"column":14},"end":{"line":10,"column":29}},"4":{"start":{"line":11,"column":2},"end":{"line":11,"column":32}},"5":{"start":{"line":18,"column":4},"end":{"line":76,"column":5}},"6":{"start":{"line":20,"column":19},"end":{"line":20,"column":48}},"7":{"start":{"line":21,"column":20},"end":{"line":21,"column":51}},"8":{"start":{"line":22,"column":19},"end":{"line":22,"column":37}},"9":{"start":{"line":25,"column":19},"end":{"line":25,"column":21}},"10":{"start":{"line":26,"column":6},"end":{"line":28,"column":7}},"11":{"start":{"line":27,"column":8},"end":{"line":27,"column":46}},"12":{"start":{"line":30,"column":20},"end":{"line":30,"column":54}},"13":{"start":{"line":31,"column":20},"end":{"line":35,"column":21}},"14":{"start":{"line":39,"column":30},"end":{"line":65,"column":9}},"15":{"start":{"line":40,"column":33},"end":{"line":40,"column":84}},"16":{"start":{"line":41,"column":8},"end":{"line":64,"column":10}},"17":{"start":{"line":51,"column":22},"end":{"line":51,"column":46}},"18":{"start":{"line":52,"column":22},"end":{"line":52,"column":62}},"19":{"start":{"line":53,"column":22},"end":{"line":53,"column":64}},"20":{"start":{"line":54,"column":12},"end":{"line":54,"column":31}},"21":{"start":{"line":58,"column":22},"end":{"line":58,"column":46}},"22":{"start":{"line":59,"column":22},"end":{"line":59,"column":62}},"23":{"start":{"line":60,"column":22},"end":{"line":60,"column":64}},"24":{"start":{"line":61,"column":12},"end":{"line":61,"column":31}},"25":{"start":{"line":67,"column":6},"end":{"line":73,"column":9}},"26":{"start":{"line":75,"column":6},"end":{"line":75,"column":53}},"27":{"start":{"line":81,"column":4},"end":{"line":98,"column":5}},"28":{"start":{"line":82,"column":21},"end":{"line":82,"column":31}},"29":{"start":{"line":83,"column":19},"end":{"line":83,"column":50}},"30":{"start":{"line":85,"column":6},"end":{"line":85,"column":81}},"31":{"start":{"line":85,"column":17},"end":{"line":85,"column":81}},"32":{"start":{"line":87,"column":6},"end":{"line":95,"column":9}},"33":{"start":{"line":97,"column":6},"end":{"line":97,"column":53}},"34":{"start":{"line":103,"column":4},"end":{"line":141,"column":5}},"35":{"start":{"line":104,"column":63},"end":{"line":104,"column":71}},"36":{"start":{"line":107,"column":22},"end":{"line":107,"column":60}},"37":{"start":{"line":108,"column":6},"end":{"line":108,"column":87}},"38":{"start":{"line":108,"column":20},"end":{"line":108,"column":87}},"39":{"start":{"line":111,"column":22},"end":{"line":111,"column":26}},"40":{"start":{"line":112,"column":6},"end":{"line":115,"column":7}},"41":{"start":{"line":114,"column":8},"end":{"line":114,"column":93}},"42":{"start":{"line":117,"column":23},"end":{"line":124,"column":8}},"43":{"start":{"line":126,"column":6},"end":{"line":126,"column":28}},"44":{"start":{"line":128,"column":6},"end":{"line":138,"column":9}},"45":{"start":{"line":140,"column":6},"end":{"line":140,"column":53}},"46":{"start":{"line":146,"column":4},"end":{"line":172,"column":5}},"47":{"start":{"line":147,"column":21},"end":{"line":147,"column":31}},"48":{"start":{"line":148,"column":55},"end":{"line":148,"column":63}},"49":{"start":{"line":150,"column":19},"end":{"line":150,"column":43}},"50":{"start":{"line":151,"column":6},"end":{"line":151,"column":81}},"51":{"start":{"line":151,"column":17},"end":{"line":151,"column":81}},"52":{"start":{"line":153,"column":6},"end":{"line":153,"column":39}},"53":{"start":{"line":153,"column":18},"end":{"line":153,"column":39}},"54":{"start":{"line":154,"column":6},"end":{"line":154,"column":45}},"55":{"start":{"line":154,"column":20},"end":{"line":154,"column":45}},"56":{"start":{"line":155,"column":6},"end":{"line":155,"column":75}},"57":{"start":{"line":155,"column":30},"end":{"line":155,"column":75}},"58":{"start":{"line":156,"column":6},"end":{"line":158,"column":7}},"59":{"start":{"line":157,"column":8},"end":{"line":157,"column":95}},"60":{"start":{"line":160,"column":6},"end":{"line":160,"column":24}},"61":{"start":{"line":162,"column":6},"end":{"line":169,"column":9}},"62":{"start":{"line":171,"column":6},"end":{"line":171,"column":53}},"63":{"start":{"line":177,"column":4},"end":{"line":188,"column":5}},"64":{"start":{"line":178,"column":21},"end":{"line":178,"column":31}},"65":{"start":{"line":179,"column":19},"end":{"line":179,"column":43}},"66":{"start":{"line":180,"column":6},"end":{"line":182,"column":7}},"67":{"start":{"line":181,"column":8},"end":{"line":181,"column":72}},"68":{"start":{"line":184,"column":6},"end":{"line":184,"column":29}},"69":{"start":{"line":185,"column":6},"end":{"line":185,"column":82}},"70":{"start":{"line":187,"column":6},"end":{"line":187,"column":60}},"71":{"start":{"line":193,"column":4},"end":{"line":218,"column":5}},"72":{"start":{"line":194,"column":20},"end":{"line":194,"column":29}},"73":{"start":{"line":195,"column":6},"end":{"line":195,"column":91}},"74":{"start":{"line":195,"column":14},"end":{"line":195,"column":91}},"75":{"start":{"line":197,"column":20},"end":{"line":197,"column":38}},"76":{"start":{"line":199,"column":20},"end":{"line":205,"column":15}},"77":{"start":{"line":207,"column":24},"end":{"line":213,"column":9}},"78":{"start":{"line":207,"column":43},"end":{"line":213,"column":7}},"79":{"start":{"line":215,"column":6},"end":{"line":215,"column":26}},"80":{"start":{"line":217,"column":6},"end":{"line":217,"column":53}}},"fnMap":{"0":{"name":"formatarData","decl":{"start":{"line":6,"column":9},"end":{"line":6,"column":21}},"loc":{"start":{"line":6,"column":28},"end":{"line":12,"column":1}},"line":6},"1":{"name":"(anonymous_1)","decl":{"start":{"line":17,"column":2},"end":{"line":17,"column":3}},"loc":{"start":{"line":17,"column":37},"end":{"line":77,"column":3}},"line":17},"2":{"name":"(anonymous_2)","decl":{"start":{"line":39,"column":58},"end":{"line":39,"column":59}},"loc":{"start":{"line":39,"column":72},"end":{"line":65,"column":7}},"line":39},"3":{"name":"(anonymous_3)","decl":{"start":{"line":50,"column":42},"end":{"line":50,"column":43}},"loc":{"start":{"line":50,"column":48},"end":{"line":55,"column":11}},"line":50},"4":{"name":"(anonymous_4)","decl":{"start":{"line":57,"column":46},"end":{"line":57,"column":47}},"loc":{"start":{"line":57,"column":52},"end":{"line":62,"column":11}},"line":57},"5":{"name":"(anonymous_5)","decl":{"start":{"line":80,"column":2},"end":{"line":80,"column":3}},"loc":{"start":{"line":80,"column":33},"end":{"line":99,"column":3}},"line":80},"6":{"name":"(anonymous_6)","decl":{"start":{"line":102,"column":2},"end":{"line":102,"column":3}},"loc":{"start":{"line":102,"column":35},"end":{"line":142,"column":3}},"line":102},"7":{"name":"(anonymous_7)","decl":{"start":{"line":145,"column":2},"end":{"line":145,"column":3}},"loc":{"start":{"line":145,"column":36},"end":{"line":173,"column":3}},"line":145},"8":{"name":"(anonymous_8)","decl":{"start":{"line":176,"column":2},"end":{"line":176,"column":3}},"loc":{"start":{"line":176,"column":37},"end":{"line":189,"column":3}},"line":176},"9":{"name":"(anonymous_9)","decl":{"start":{"line":192,"column":2},"end":{"line":192,"column":3}},"loc":{"start":{"line":192,"column":37},"end":{"line":219,"column":3}},"line":192},"10":{"name":"(anonymous_10)","decl":{"start":{"line":207,"column":34},"end":{"line":207,"column":35}},"loc":{"start":{"line":207,"column":43},"end":{"line":213,"column":7}},"line":207}},"branchMap":{"0":{"loc":{"start":{"line":20,"column":19},"end":{"line":20,"column":48}},"type":"binary-expr","locations":[{"start":{"line":20,"column":19},"end":{"line":20,"column":43}},{"start":{"line":20,"column":47},"end":{"line":20,"column":48}}],"line":20},"1":{"loc":{"start":{"line":21,"column":20},"end":{"line":21,"column":51}},"type":"binary-expr","locations":[{"start":{"line":21,"column":20},"end":{"line":21,"column":45}},{"start":{"line":21,"column":49},"end":{"line":21,"column":51}}],"line":21},"2":{"loc":{"start":{"line":26,"column":6},"end":{"line":28,"column":7}},"type":"if","locations":[{"start":{"line":26,"column":6},"end":{"line":28,"column":7}},{"start":{},"end":{}}],"line":26},"3":{"loc":{"start":{"line":47,"column":18},"end":{"line":47,"column":44}},"type":"binary-expr","locations":[{"start":{"line":47,"column":18},"end":{"line":47,"column":29}},{"start":{"line":47,"column":33},"end":{"line":47,"column":44}}],"line":47},"4":{"loc":{"start":{"line":49,"column":20},"end":{"line":49,"column":101}},"type":"cond-expr","locations":[{"start":{"line":49,"column":37},"end":{"line":49,"column":89}},{"start":{"line":49,"column":92},"end":{"line":49,"column":101}}],"line":49},"5":{"loc":{"start":{"line":50,"column":24},"end":{"line":55,"column":26}},"type":"cond-expr","locations":[{"start":{"line":50,"column":41},"end":{"line":55,"column":14}},{"start":{"line":55,"column":17},"end":{"line":55,"column":26}}],"line":50},"6":{"loc":{"start":{"line":56,"column":24},"end":{"line":56,"column":105}},"type":"cond-expr","locations":[{"start":{"line":56,"column":41},"end":{"line":56,"column":93}},{"start":{"line":56,"column":96},"end":{"line":56,"column":105}}],"line":56},"7":{"loc":{"start":{"line":57,"column":28},"end":{"line":62,"column":26}},"type":"cond-expr","locations":[{"start":{"line":57,"column":45},"end":{"line":62,"column":14}},{"start":{"line":62,"column":17},"end":{"line":62,"column":26}}],"line":57},"8":{"loc":{"start":{"line":85,"column":6},"end":{"line":85,"column":81}},"type":"if","locations":[{"start":{"line":85,"column":6},"end":{"line":85,"column":81}},{"start":{},"end":{}}],"line":85},"9":{"loc":{"start":{"line":92,"column":16},"end":{"line":92,"column":42}},"type":"binary-expr","locations":[{"start":{"line":92,"column":16},"end":{"line":92,"column":27}},{"start":{"line":92,"column":31},"end":{"line":92,"column":42}}],"line":92},"10":{"loc":{"start":{"line":94,"column":22},"end":{"line":94,"column":79}},"type":"cond-expr","locations":[{"start":{"line":94,"column":39},"end":{"line":94,"column":67}},{"start":{"line":94,"column":70},"end":{"line":94,"column":79}}],"line":94},"11":{"loc":{"start":{"line":108,"column":6},"end":{"line":108,"column":87}},"type":"if","locations":[{"start":{"line":108,"column":6},"end":{"line":108,"column":87}},{"start":{},"end":{}}],"line":108},"12":{"loc":{"start":{"line":112,"column":6},"end":{"line":115,"column":7}},"type":"if","locations":[{"start":{"line":112,"column":6},"end":{"line":115,"column":7}},{"start":{},"end":{}}],"line":112},"13":{"loc":{"start":{"line":121,"column":16},"end":{"line":121,"column":37}},"type":"binary-expr","locations":[{"start":{"line":121,"column":16},"end":{"line":121,"column":22}},{"start":{"line":121,"column":26},"end":{"line":121,"column":37}}],"line":121},"14":{"loc":{"start":{"line":137,"column":22},"end":{"line":137,"column":87}},"type":"cond-expr","locations":[{"start":{"line":137,"column":43},"end":{"line":137,"column":75}},{"start":{"line":137,"column":78},"end":{"line":137,"column":87}}],"line":137},"15":{"loc":{"start":{"line":151,"column":6},"end":{"line":151,"column":81}},"type":"if","locations":[{"start":{"line":151,"column":6},"end":{"line":151,"column":81}},{"start":{},"end":{}}],"line":151},"16":{"loc":{"start":{"line":153,"column":6},"end":{"line":153,"column":39}},"type":"if","locations":[{"start":{"line":153,"column":6},"end":{"line":153,"column":39}},{"start":{},"end":{}}],"line":153},"17":{"loc":{"start":{"line":154,"column":6},"end":{"line":154,"column":45}},"type":"if","locations":[{"start":{"line":154,"column":6},"end":{"line":154,"column":45}},{"start":{},"end":{}}],"line":154},"18":{"loc":{"start":{"line":155,"column":6},"end":{"line":155,"column":75}},"type":"if","locations":[{"start":{"line":155,"column":6},"end":{"line":155,"column":75}},{"start":{},"end":{}}],"line":155},"19":{"loc":{"start":{"line":156,"column":6},"end":{"line":158,"column":7}},"type":"if","locations":[{"start":{"line":156,"column":6},"end":{"line":158,"column":7}},{"start":{},"end":{}}],"line":156},"20":{"loc":{"start":{"line":180,"column":6},"end":{"line":182,"column":7}},"type":"if","locations":[{"start":{"line":180,"column":6},"end":{"line":182,"column":7}},{"start":{},"end":{}}],"line":180},"21":{"loc":{"start":{"line":195,"column":6},"end":{"line":195,"column":91}},"type":"if","locations":[{"start":{"line":195,"column":6},"end":{"line":195,"column":91}},{"start":{},"end":{}}],"line":195},"22":{"loc":{"start":{"line":210,"column":53},"end":{"line":210,"column":92}},"type":"cond-expr","locations":[{"start":{"line":210,"column":82},"end":{"line":210,"column":87}},{"start":{"line":210,"column":90},"end":{"line":210,"column":92}}],"line":210}},"s":{"0":3,"1":3,"2":3,"3":3,"4":3,"5":1,"6":1,"7":1,"8":1,"9":1,"10":1,"11":0,"12":1,"13":1,"14":1,"15":1,"16":1,"17":1,"18":1,"19":1,"20":1,"21":1,"22":1,"23":1,"24":1,"25":1,"26":0,"27":2,"28":2,"29":2,"30":2,"31":1,"32":1,"33":0,"34":0,"35":0,"36":0,"37":0,"38":0,"39":0,"40":0,"41":0,"42":0,"43":0,"44":0,"45":0,"46":0,"47":0,"48":0,"49":0,"50":0,"51":0,"52":0,"53":0,"54":0,"55":0,"56":0,"57":0,"58":0,"59":0,"60":0,"61":0,"62":0,"63":0,"64":0,"65":0,"66":0,"67":0,"68":0,"69":0,"70":0,"71":2,"72":2,"73":2,"74":1,"75":1,"76":1,"77":1,"78":1,"79":1,"80":0},"f":{"0":3,"1":1,"2":1,"3":1,"4":1,"5":2,"6":0,"7":0,"8":0,"9":2,"10":1},"b":{"0":[1,1],"1":[1,1],"2":[0,1],"3":[1,0],"4":[1,0],"5":[1,0],"6":[1,0],"7":[1,0],"8":[1,1],"9":[1,0],"10":[1,0],"11":[0,0],"12":[0,0],"13":[0,0],"14":[0,0],"15":[0,0],"16":[0,0],"17":[0,0],"18":[0,0],"19":[0,0],"20":[0,0],"21":[1,1],"22":[0,1]},"_coverageSchema":"1a1c01bbd47fc00a2c39e90264f33305004495a9","hash":"00bfebbb0f5d6f11202e26df26b316f688b58512"}
,"C:\\Users\\carol\\FIAP\\fase3\\Backend\\src\\controllers\\validacaoController.js": {"path":"C:\\Users\\carol\\FIAP\\fase3\\Backend\\src\\controllers\\validacaoController.js","statementMap":{"0":{"start":{"line":10,"column":8},"end":{"line":21,"column":9}},"1":{"start":{"line":11,"column":49},"end":{"line":11,"column":57}},"2":{"start":{"line":12,"column":32},"end":{"line":12,"column":60}},"3":{"start":{"line":13,"column":32},"end":{"line":13,"column":95}},"4":{"start":{"line":15,"column":12},"end":{"line":17,"column":15}},"5":{"start":{"line":20,"column":12},"end":{"line":20,"column":93}},"6":{"start":{"line":25,"column":8},"end":{"line":62,"column":9}},"7":{"start":{"line":26,"column":37},"end":{"line":26,"column":45}},"8":{"start":{"line":29,"column":12},"end":{"line":29,"column":109}},"9":{"start":{"line":29,"column":34},"end":{"line":29,"column":109}},"10":{"start":{"line":31,"column":38},"end":{"line":31,"column":70}},"11":{"start":{"line":32,"column":12},"end":{"line":32,"column":103}},"12":{"start":{"line":32,"column":36},"end":{"line":32,"column":103}},"13":{"start":{"line":34,"column":33},"end":{"line":34,"column":85}},"14":{"start":{"line":35,"column":12},"end":{"line":35,"column":90}},"15":{"start":{"line":35,"column":31},"end":{"line":35,"column":90}},"16":{"start":{"line":38,"column":26},"end":{"line":47,"column":13}},"17":{"start":{"line":50,"column":12},"end":{"line":58,"column":15}},"18":{"start":{"line":61,"column":12},"end":{"line":61,"column":66}}},"fnMap":{"0":{"name":"(anonymous_0)","decl":{"start":{"line":9,"column":4},"end":{"line":9,"column":5}},"loc":{"start":{"line":9,"column":44},"end":{"line":22,"column":5}},"line":9},"1":{"name":"(anonymous_1)","decl":{"start":{"line":24,"column":4},"end":{"line":24,"column":5}},"loc":{"start":{"line":24,"column":33},"end":{"line":63,"column":5}},"line":24}},"branchMap":{"0":{"loc":{"start":{"line":29,"column":12},"end":{"line":29,"column":109}},"type":"if","locations":[{"start":{"line":29,"column":12},"end":{"line":29,"column":109}},{"start":{},"end":{}}],"line":29},"1":{"loc":{"start":{"line":29,"column":16},"end":{"line":29,"column":32}},"type":"binary-expr","locations":[{"start":{"line":29,"column":16},"end":{"line":29,"column":22}},{"start":{"line":29,"column":26},"end":{"line":29,"column":32}}],"line":29},"2":{"loc":{"start":{"line":32,"column":12},"end":{"line":32,"column":103}},"type":"if","locations":[{"start":{"line":32,"column":12},"end":{"line":32,"column":103}},{"start":{},"end":{}}],"line":32},"3":{"loc":{"start":{"line":35,"column":12},"end":{"line":35,"column":90}},"type":"if","locations":[{"start":{"line":35,"column":12},"end":{"line":35,"column":90}},{"start":{},"end":{}}],"line":35},"4":{"loc":{"start":{"line":45,"column":16},"end":{"line":45,"column":65}},"type":"binary-expr","locations":[{"start":{"line":45,"column":16},"end":{"line":45,"column":38}},{"start":{"line":45,"column":42},"end":{"line":45,"column":65}}],"line":45}},"s":{"0":2,"1":2,"2":2,"3":2,"4":1,"5":1,"6":5,"7":5,"8":5,"9":1,"10":4,"11":3,"12":1,"13":2,"14":2,"15":1,"16":1,"17":1,"18":1},"f":{"0":2,"1":5},"b":{"0":[1,4],"1":[5,4],"2":[1,2],"3":[1,1],"4":[1,1]},"_coverageSchema":"1a1c01bbd47fc00a2c39e90264f33305004495a9","hash":"2f1988ba9d6a3291d35c3b40ef6e4d096a887ff7"}
,"C:\\Users\\carol\\FIAP\\fase3\\Backend\\src\\middleware\\errorHandler.js": {"path":"C:\\Users\\carol\\FIAP\\fase3\\Backend\\src\\middleware\\errorHandler.js","statementMap":{"0":{"start":{"line":2,"column":2},"end":{"line":2,"column":40}},"1":{"start":{"line":4,"column":2},"end":{"line":6,"column":3}},"2":{"start":{"line":5,"column":4},"end":{"line":5,"column":60}},"3":{"start":{"line":8,"column":2},"end":{"line":10,"column":3}},"4":{"start":{"line":9,"column":4},"end":{"line":9,"column":85}},"5":{"start":{"line":12,"column":2},"end":{"line":14,"column":5}}},"fnMap":{"0":{"name":"errorHandler","decl":{"start":{"line":1,"column":10},"end":{"line":1,"column":22}},"loc":{"start":{"line":1,"column":44},"end":{"line":15,"column":1}},"line":1}},"branchMap":{"0":{"loc":{"start":{"line":4,"column":2},"end":{"line":6,"column":3}},"type":"if","locations":[{"start":{"line":4,"column":2},"end":{"line":6,"column":3}},{"start":{},"end":{}}],"line":4},"1":{"loc":{"start":{"line":8,"column":2},"end":{"line":10,"column":3}},"type":"if","locations":[{"start":{"line":8,"column":2},"end":{"line":10,"column":3}},{"start":{},"end":{}}],"line":8},"2":{"loc":{"start":{"line":12,"column":13},"end":{"line":12,"column":30}},"type":"binary-expr","locations":[{"start":{"line":12,"column":13},"end":{"line":12,"column":23}},{"start":{"line":12,"column":27},"end":{"line":12,"column":30}}],"line":12},"3":{"loc":{"start":{"line":13,"column":13},"end":{"line":13,"column":54}},"type":"binary-expr","locations":[{"start":{"line":13,"column":13},"end":{"line":13,"column":24}},{"start":{"line":13,"column":28},"end":{"line":13,"column":54}}],"line":13}},"s":{"0":0,"1":0,"2":0,"3":0,"4":0,"5":0},"f":{"0":0},"b":{"0":[0,0],"1":[0,0],"2":[0,0],"3":[0,0]},"_coverageSchema":"1a1c01bbd47fc00a2c39e90264f33305004495a9","hash":"7ba9d830c26a7cc83fbf31b496d2e43c0d4269b5"}
,"C:\\Users\\carol\\FIAP\\fase3\\Backend\\src\\middleware\\notFound.js": {"path":"C:\\Users\\carol\\FIAP\\fase3\\Backend\\src\\middleware\\notFound.js","statementMap":{"0":{"start":{"line":2,"column":2},"end":{"line":2,"column":61}}},"fnMap":{"0":{"name":"notFound","decl":{"start":{"line":1,"column":10},"end":{"line":1,"column":18}},"loc":{"start":{"line":1,"column":35},"end":{"line":3,"column":1}},"line":1}},"branchMap":{},"s":{"0":0},"f":{"0":0},"b":{},"_coverageSchema":"1a1c01bbd47fc00a2c39e90264f33305004495a9","hash":"a8360bc4f8390a538c9364f66d2fd56303870c27"}
,"C:\\Users\\carol\\FIAP\\fase3\\Backend\\src\\middleware\\uploadImagem.js": {"path":"C:\\Users\\carol\\FIAP\\fase3\\Backend\\src\\middleware\\uploadImagem.js","statementMap":{"0":{"start":{"line":4,"column":16},"end":{"line":4,"column":38}},"1":{"start":{"line":5,"column":15},"end":{"line":5,"column":34}}},"fnMap":{},"branchMap":{},"s":{"0":2,"1":2},"f":{},"b":{},"_coverageSchema":"1a1c01bbd47fc00a2c39e90264f33305004495a9","hash":"19ea453f255adc4d368675bdbb7cdbd4d13378a9"}
,"C:\\Users\\carol\\FIAP\\fase3\\Backend\\src\\middleware\\validarProfessor.js": {"path":"C:\\Users\\carol\\FIAP\\fase3\\Backend\\src\\middleware\\validarProfessor.js","statementMap":{"0":{"start":{"line":7,"column":2},"end":{"line":28,"column":3}},"1":{"start":{"line":8,"column":23},"end":{"line":8,"column":48}},"2":{"start":{"line":9,"column":4},"end":{"line":11,"column":5}},"3":{"start":{"line":10,"column":6},"end":{"line":10,"column":70}},"4":{"start":{"line":12,"column":18},"end":{"line":12,"column":42}},"5":{"start":{"line":14,"column":4},"end":{"line":18,"column":5}},"6":{"start":{"line":15,"column":6},"end":{"line":15,"column":85}},"7":{"start":{"line":17,"column":6},"end":{"line":17,"column":65}},"8":{"start":{"line":20,"column":4},"end":{"line":22,"column":5}},"9":{"start":{"line":21,"column":6},"end":{"line":21,"column":80}},"10":{"start":{"line":24,"column":4},"end":{"line":24,"column":26}},"11":{"start":{"line":25,"column":4},"end":{"line":25,"column":11}},"12":{"start":{"line":27,"column":4},"end":{"line":27,"column":58}}},"fnMap":{"0":{"name":"validarProfessor","decl":{"start":{"line":6,"column":15},"end":{"line":6,"column":31}},"loc":{"start":{"line":6,"column":48},"end":{"line":29,"column":1}},"line":6}},"branchMap":{"0":{"loc":{"start":{"line":9,"column":4},"end":{"line":11,"column":5}},"type":"if","locations":[{"start":{"line":9,"column":4},"end":{"line":11,"column":5}},{"start":{},"end":{}}],"line":9},"1":{"loc":{"start":{"line":9,"column":8},"end":{"line":9,"column":56}},"type":"binary-expr","locations":[{"start":{"line":9,"column":8},"end":{"line":9,"column":19}},{"start":{"line":9,"column":23},"end":{"line":9,"column":56}}],"line":9},"2":{"loc":{"start":{"line":15,"column":34},"end":{"line":15,"column":83}},"type":"binary-expr","locations":[{"start":{"line":15,"column":34},"end":{"line":15,"column":56}},{"start":{"line":15,"column":60},"end":{"line":15,"column":83}}],"line":15},"3":{"loc":{"start":{"line":20,"column":4},"end":{"line":22,"column":5}},"type":"if","locations":[{"start":{"line":20,"column":4},"end":{"line":22,"column":5}},{"start":{},"end":{}}],"line":20}},"s":{"0":7,"1":7,"2":7,"3":7,"4":0,"5":0,"6":0,"7":0,"8":0,"9":0,"10":0,"11":0,"12":0},"f":{"0":7},"b":{"0":[7,0],"1":[7,0],"2":[0,0],"3":[0,0]},"_coverageSchema":"1a1c01bbd47fc00a2c39e90264f33305004495a9","hash":"f948c614e9486515f76323f7265202cce1056655"}
,"C:\\Users\\carol\\FIAP\\fase3\\Backend\\src\\models\\Comentario.js": {"path":"C:\\Users\\carol\\FIAP\\fase3\\Backend\\src\\models\\Comentario.js","statementMap":{"0":{"start":{"line":3,"column":25},"end":{"line":10,"column":2}},"1":{"start":{"line":12,"column":19},"end":{"line":12,"column":65}}},"fnMap":{},"branchMap":{},"s":{"0":2,"1":2},"f":{},"b":{},"_coverageSchema":"1a1c01bbd47fc00a2c39e90264f33305004495a9","hash":"d58bb9fdde883da88a62cceecabd5c28594b8f89"}
,"C:\\Users\\carol\\FIAP\\fase3\\Backend\\src\\models\\Post.js": {"path":"C:\\Users\\carol\\FIAP\\fase3\\Backend\\src\\models\\Post.js","statementMap":{"0":{"start":{"line":3,"column":19},"end":{"line":28,"column":2}},"1":{"start":{"line":30,"column":0},"end":{"line":35,"column":3}},"2":{"start":{"line":32,"column":4},"end":{"line":32,"column":107}},"3":{"start":{"line":32,"column":23},"end":{"line":32,"column":107}},"4":{"start":{"line":33,"column":4},"end":{"line":33,"column":111}},"5":{"start":{"line":33,"column":23},"end":{"line":33,"column":111}},"6":{"start":{"line":37,"column":14},"end":{"line":37,"column":49}}},"fnMap":{"0":{"name":"(anonymous_0)","decl":{"start":{"line":31,"column":13},"end":{"line":31,"column":14}},"loc":{"start":{"line":31,"column":27},"end":{"line":34,"column":3}},"line":31}},"branchMap":{"0":{"loc":{"start":{"line":32,"column":4},"end":{"line":32,"column":107}},"type":"if","locations":[{"start":{"line":32,"column":4},"end":{"line":32,"column":107}},{"start":{},"end":{}}],"line":32},"1":{"loc":{"start":{"line":33,"column":4},"end":{"line":33,"column":111}},"type":"if","locations":[{"start":{"line":33,"column":4},"end":{"line":33,"column":111}},{"start":{},"end":{}}],"line":33}},"s":{"0":2,"1":2,"2":1,"3":1,"4":1,"5":1,"6":2},"f":{"0":1},"b":{"0":[1,0],"1":[1,0]},"_coverageSchema":"1a1c01bbd47fc00a2c39e90264f33305004495a9","hash":"693ff6fd7f93f2a4982640eeed94c682e5874bdb"}
,"C:\\Users\\carol\\FIAP\\fase3\\Backend\\src\\models\\Usuario.js": {"path":"C:\\Users\\carol\\FIAP\\fase3\\Backend\\src\\models\\Usuario.js","statementMap":{"0":{"start":{"line":4,"column":22},"end":{"line":9,"column":2}},"1":{"start":{"line":11,"column":16},"end":{"line":11,"column":58}}},"fnMap":{},"branchMap":{},"s":{"0":3,"1":3},"f":{},"b":{},"_coverageSchema":"1a1c01bbd47fc00a2c39e90264f33305004495a9","hash":"5cb612ac4498b500e88670529be731943143bb7f"}
,"C:\\Users\\carol\\FIAP\\fase3\\Backend\\src\\routes\\comentariosRoutes.js": {"path":"C:\\Users\\carol\\FIAP\\fase3\\Backend\\src\\routes\\comentariosRoutes.js","statementMap":{"0":{"start":{"line":6,"column":26},"end":{"line":6,"column":42}},"1":{"start":{"line":9,"column":0},"end":{"line":22,"column":3}},"2":{"start":{"line":10,"column":4},"end":{"line":21,"column":5}},"3":{"start":{"line":11,"column":27},"end":{"line":11,"column":37}},"4":{"start":{"line":12,"column":33},"end":{"line":12,"column":41}},"5":{"start":{"line":13,"column":8},"end":{"line":13,"column":101}},"6":{"start":{"line":13,"column":30},"end":{"line":13,"column":101}},"7":{"start":{"line":14,"column":21},"end":{"line":14,"column":49}},"8":{"start":{"line":15,"column":8},"end":{"line":15,"column":83}},"9":{"start":{"line":15,"column":19},"end":{"line":15,"column":83}},"10":{"start":{"line":16,"column":27},"end":{"line":16,"column":73}},"11":{"start":{"line":17,"column":8},"end":{"line":17,"column":32}},"12":{"start":{"line":18,"column":8},"end":{"line":18,"column":41}},"13":{"start":{"line":20,"column":8},"end":{"line":20,"column":55}},"14":{"start":{"line":25,"column":0},"end":{"line":33,"column":3}},"15":{"start":{"line":26,"column":4},"end":{"line":32,"column":5}},"16":{"start":{"line":27,"column":27},"end":{"line":27,"column":37}},"17":{"start":{"line":28,"column":28},"end":{"line":28,"column":90}},"18":{"start":{"line":29,"column":8},"end":{"line":29,"column":30}},"19":{"start":{"line":31,"column":8},"end":{"line":31,"column":55}},"20":{"start":{"line":36,"column":0},"end":{"line":46,"column":3}},"21":{"start":{"line":37,"column":4},"end":{"line":45,"column":5}},"22":{"start":{"line":38,"column":33},"end":{"line":38,"column":43}},"23":{"start":{"line":39,"column":27},"end":{"line":39,"column":66}},"24":{"start":{"line":40,"column":8},"end":{"line":40,"column":95}},"25":{"start":{"line":40,"column":25},"end":{"line":40,"column":95}},"26":{"start":{"line":41,"column":8},"end":{"line":41,"column":37}},"27":{"start":{"line":42,"column":8},"end":{"line":42,"column":53}},"28":{"start":{"line":44,"column":8},"end":{"line":44,"column":55}}},"fnMap":{"0":{"name":"(anonymous_0)","decl":{"start":{"line":9,"column":35},"end":{"line":9,"column":36}},"loc":{"start":{"line":9,"column":55},"end":{"line":22,"column":1}},"line":9},"1":{"name":"(anonymous_1)","decl":{"start":{"line":25,"column":34},"end":{"line":25,"column":35}},"loc":{"start":{"line":25,"column":54},"end":{"line":33,"column":1}},"line":25},"2":{"name":"(anonymous_2)","decl":{"start":{"line":36,"column":61},"end":{"line":36,"column":62}},"loc":{"start":{"line":36,"column":81},"end":{"line":46,"column":1}},"line":36}},"branchMap":{"0":{"loc":{"start":{"line":13,"column":8},"end":{"line":13,"column":101}},"type":"if","locations":[{"start":{"line":13,"column":8},"end":{"line":13,"column":101}},{"start":{},"end":{}}],"line":13},"1":{"loc":{"start":{"line":13,"column":12},"end":{"line":13,"column":28}},"type":"binary-expr","locations":[{"start":{"line":13,"column":12},"end":{"line":13,"column":18}},{"start":{"line":13,"column":22},"end":{"line":13,"column":28}}],"line":13},"2":{"loc":{"start":{"line":15,"column":8},"end":{"line":15,"column":83}},"type":"if","locations":[{"start":{"line":15,"column":8},"end":{"line":15,"column":83}},{"start":{},"end":{}}],"line":15},"3":{"loc":{"start":{"line":40,"column":8},"end":{"line":40,"column":95}},"type":"if","locations":[{"start":{"line":40,"column":8},"end":{"line":40,"column":95}},{"start":{},"end":{}}],"line":40}},"s":{"0":2,"1":2,"2":0,"3":0,"4":0,"5":0,"6":0,"7":0,"8":0,"9":0,"10":0,"11":0,"12":0,"13":0,"14":2,"15":0,"16":0,"17":0,"18":0,"19":0,"20":2,"21":0,"22":0,"23":0,"24":0,"25":0,"26":0,"27":0,"28":0},"f":{"0":0,"1":0,"2":0},"b":{"0":[0,0],"1":[0,0],"2":[0,0],"3":[0,0]},"_coverageSchema":"1a1c01bbd47fc00a2c39e90264f33305004495a9","hash":"241652ca536eaabb750de1c5fa32de07c5034f1d"}
,"C:\\Users\\carol\\FIAP\\fase3\\Backend\\src\\routes\\indexRoutes.js": {"path":"C:\\Users\\carol\\FIAP\\fase3\\Backend\\src\\routes\\indexRoutes.js","statementMap":{"0":{"start":{"line":7,"column":20},"end":{"line":11,"column":1}},"1":{"start":{"line":8,"column":2},"end":{"line":8,"column":33}},"2":{"start":{"line":9,"column":2},"end":{"line":9,"column":45}},"3":{"start":{"line":10,"column":2},"end":{"line":10,"column":39}}},"fnMap":{"0":{"name":"(anonymous_0)","decl":{"start":{"line":7,"column":20},"end":{"line":7,"column":21}},"loc":{"start":{"line":7,"column":29},"end":{"line":11,"column":1}},"line":7}},"branchMap":{},"s":{"0":2,"1":2,"2":2,"3":2},"f":{"0":2},"b":{},"_coverageSchema":"1a1c01bbd47fc00a2c39e90264f33305004495a9","hash":"147792cc757d8f804f21af5f30a59d4f75a01b4a"}
,"C:\\Users\\carol\\FIAP\\fase3\\Backend\\src\\routes\\postsRoutes.js": {"path":"C:\\Users\\carol\\FIAP\\fase3\\Backend\\src\\routes\\postsRoutes.js","statementMap":{"0":{"start":{"line":6,"column":20},"end":{"line":6,"column":36}},"1":{"start":{"line":89,"column":0},"end":{"line":89,"column":50}},"2":{"start":{"line":125,"column":0},"end":{"line":125,"column":56}},"3":{"start":{"line":160,"column":0},"end":{"line":160,"column":49}},"4":{"start":{"line":202,"column":0},"end":{"line":202,"column":98}},"5":{"start":{"line":254,"column":0},"end":{"line":254,"column":101}},"6":{"start":{"line":315,"column":0},"end":{"line":315,"column":74}}},"fnMap":{},"branchMap":{},"s":{"0":2,"1":2,"2":2,"3":2,"4":2,"5":2,"6":2},"f":{},"b":{},"_coverageSchema":"1a1c01bbd47fc00a2c39e90264f33305004495a9","hash":"73b95bcb5fcb60827e0ea5409d6bd149208a2cfd"}
,"C:\\Users\\carol\\FIAP\\fase3\\Backend\\src\\routes\\validacaoRoutes.js": {"path":"C:\\Users\\carol\\FIAP\\fase3\\Backend\\src\\routes\\validacaoRoutes.js","statementMap":{"0":{"start":{"line":4,"column":24},"end":{"line":4,"column":40}},"1":{"start":{"line":78,"column":0},"end":{"line":78,"column":72}},"2":{"start":{"line":124,"column":0},"end":{"line":124,"column":58}}},"fnMap":{},"branchMap":{},"s":{"0":2,"1":2,"2":2},"f":{},"b":{},"_coverageSchema":"1a1c01bbd47fc00a2c39e90264f33305004495a9","hash":"324a8897707f5466d479218a4d477c630fe03c32"}
}
