TN:
SF:swagger.js
FN:33,swaggerDocs
FNF:1
FNH:1
FNDA:2,swaggerDocs
DA:5,2
DA:31,2
DA:34,2
DA:35,2
LF:4
LH:4
BRF:0
BRH:0
end_of_record
TN:
SF:src\app.js
FN:17,(anonymous_0)
FNF:1
FNH:1
FNDA:1,(anonymous_0)
DA:8,2
DA:11,2
DA:14,2
DA:17,2
DA:20,2
DA:23,2
DA:26,2
DA:29,2
LF:8
LH:8
BRF:0
BRH:0
end_of_record
TN:
SF:src\config\dbConnect.js
FN:7,conectaNaDatabase
FN:39,disconnectTestDB
FNF:2
FNH:2
FNDA:1,conectaNaDatabase
FNDA:1,disconnectTestDB
DA:5,1
DA:8,1
DA:10,1
DA:13,1
DA:14,1
DA:17,1
DA:18,1
DA:20,0
DA:21,0
DA:24,1
DA:29,1
DA:30,1
DA:31,1
DA:33,0
DA:34,0
DA:35,0
DA:40,1
DA:41,1
DA:42,1
DA:43,1
DA:45,1
LF:21
LH:16
BRDA:8,0,0,0
BRDA:8,0,1,1
BRDA:13,1,0,1
BRDA:13,1,1,0
BRDA:21,2,0,0
BRDA:21,2,1,0
BRDA:34,3,0,0
BRDA:34,3,1,0
BRDA:40,4,0,1
BRDA:40,4,1,0
BRDA:45,5,0,1
BRDA:45,5,1,0
BRF:12
BRH:4
end_of_record
TN:
SF:src\controllers\postController.js
FN:6,formatarData
FN:17,(anonymous_1)
FN:39,(anonymous_2)
FN:50,(anonymous_3)
FN:57,(anonymous_4)
FN:80,(anonymous_5)
FN:102,(anonymous_6)
FN:145,(anonymous_7)
FN:176,(anonymous_8)
FN:192,(anonymous_9)
FN:207,(anonymous_10)
FNF:11
FNH:8
FNDA:3,formatarData
FNDA:1,(anonymous_1)
FNDA:1,(anonymous_2)
FNDA:1,(anonymous_3)
FNDA:1,(anonymous_4)
FNDA:2,(anonymous_5)
FNDA:0,(anonymous_6)
FNDA:0,(anonymous_7)
FNDA:0,(anonymous_8)
FNDA:2,(anonymous_9)
FNDA:1,(anonymous_10)
DA:7,3
DA:8,3
DA:9,3
DA:10,3
DA:11,3
DA:18,1
DA:20,1
DA:21,1
DA:22,1
DA:25,1
DA:26,1
DA:27,0
DA:30,1
DA:31,1
DA:39,1
DA:40,1
DA:41,1
DA:51,1
DA:52,1
DA:53,1
DA:54,1
DA:58,1
DA:59,1
DA:60,1
DA:61,1
DA:67,1
DA:75,0
DA:81,2
DA:82,2
DA:83,2
DA:85,2
DA:87,1
DA:97,0
DA:103,0
DA:104,0
DA:107,0
DA:108,0
DA:111,0
DA:112,0
DA:114,0
DA:117,0
DA:126,0
DA:128,0
DA:140,0
DA:146,0
DA:147,0
DA:148,0
DA:150,0
DA:151,0
DA:153,0
DA:154,0
DA:155,0
DA:156,0
DA:157,0
DA:160,0
DA:162,0
DA:171,0
DA:177,0
DA:178,0
DA:179,0
DA:180,0
DA:181,0
DA:184,0
DA:185,0
DA:187,0
DA:193,2
DA:194,2
DA:195,2
DA:197,1
DA:199,1
DA:207,1
DA:215,1
DA:217,0
LF:73
LH:37
BRDA:20,0,0,1
BRDA:20,0,1,1
BRDA:21,1,0,1
BRDA:21,1,1,1
BRDA:26,2,0,0
BRDA:26,2,1,1
BRDA:47,3,0,1
BRDA:47,3,1,0
BRDA:49,4,0,1
BRDA:49,4,1,0
BRDA:50,5,0,1
BRDA:50,5,1,0
BRDA:56,6,0,1
BRDA:56,6,1,0
BRDA:57,7,0,1
BRDA:57,7,1,0
BRDA:85,8,0,1
BRDA:85,8,1,1
BRDA:92,9,0,1
BRDA:92,9,1,0
BRDA:94,10,0,1
BRDA:94,10,1,0
BRDA:108,11,0,0
BRDA:108,11,1,0
BRDA:112,12,0,0
BRDA:112,12,1,0
BRDA:121,13,0,0
BRDA:121,13,1,0
BRDA:137,14,0,0
BRDA:137,14,1,0
BRDA:151,15,0,0
BRDA:151,15,1,0
BRDA:153,16,0,0
BRDA:153,16,1,0
BRDA:154,17,0,0
BRDA:154,17,1,0
BRDA:155,18,0,0
BRDA:155,18,1,0
BRDA:156,19,0,0
BRDA:156,19,1,0
BRDA:180,20,0,0
BRDA:180,20,1,0
BRDA:195,21,0,1
BRDA:195,21,1,1
BRDA:210,22,0,0
BRDA:210,22,1,1
BRF:46
BRH:17
end_of_record
TN:
SF:src\controllers\validacaoController.js
FN:9,(anonymous_0)
FN:24,(anonymous_1)
FNF:2
FNH:2
FNDA:2,(anonymous_0)
FNDA:5,(anonymous_1)
DA:10,2
DA:11,2
DA:12,2
DA:13,2
DA:15,1
DA:20,1
DA:25,5
DA:26,5
DA:29,5
DA:31,4
DA:32,3
DA:34,2
DA:35,2
DA:38,1
DA:50,1
DA:61,1
LF:16
LH:16
BRDA:29,0,0,1
BRDA:29,0,1,4
BRDA:29,1,0,5
BRDA:29,1,1,4
BRDA:32,2,0,1
BRDA:32,2,1,2
BRDA:35,3,0,1
BRDA:35,3,1,1
BRDA:45,4,0,1
BRDA:45,4,1,1
BRF:10
BRH:10
end_of_record
TN:
SF:src\middleware\errorHandler.js
FN:1,errorHandler
FNF:1
FNH:0
FNDA:0,errorHandler
DA:2,0
DA:4,0
DA:5,0
DA:8,0
DA:9,0
DA:12,0
LF:6
LH:0
BRDA:4,0,0,0
BRDA:4,0,1,0
BRDA:8,1,0,0
BRDA:8,1,1,0
BRDA:12,2,0,0
BRDA:12,2,1,0
BRDA:13,3,0,0
BRDA:13,3,1,0
BRF:8
BRH:0
end_of_record
TN:
SF:src\middleware\notFound.js
FN:1,notFound
FNF:1
FNH:0
FNDA:0,notFound
DA:2,0
LF:1
LH:0
BRF:0
BRH:0
end_of_record
TN:
SF:src\middleware\uploadImagem.js
FNF:0
FNH:0
DA:4,2
DA:5,2
LF:2
LH:2
BRF:0
BRH:0
end_of_record
TN:
SF:src\middleware\validarProfessor.js
FN:6,validarProfessor
FNF:1
FNH:1
FNDA:7,validarProfessor
DA:7,7
DA:8,7
DA:9,7
DA:10,7
DA:12,0
DA:14,0
DA:15,0
DA:17,0
DA:20,0
DA:21,0
DA:24,0
DA:25,0
DA:27,0
LF:13
LH:4
BRDA:9,0,0,7
BRDA:9,0,1,0
BRDA:9,1,0,7
BRDA:9,1,1,0
BRDA:15,2,0,0
BRDA:15,2,1,0
BRDA:20,3,0,0
BRDA:20,3,1,0
BRF:8
BRH:2
end_of_record
TN:
SF:src\models\Comentario.js
FNF:0
FNH:0
DA:3,2
DA:12,2
LF:2
LH:2
BRF:0
BRH:0
end_of_record
TN:
SF:src\models\Post.js
FN:31,(anonymous_0)
FNF:1
FNH:1
FNDA:1,(anonymous_0)
DA:3,2
DA:30,2
DA:32,1
DA:33,1
DA:37,2
LF:5
LH:5
BRDA:32,0,0,1
BRDA:32,0,1,0
BRDA:33,1,0,1
BRDA:33,1,1,0
BRF:4
BRH:2
end_of_record
TN:
SF:src\models\Usuario.js
FNF:0
FNH:0
DA:4,3
DA:11,3
LF:2
LH:2
BRF:0
BRH:0
end_of_record
TN:
SF:src\routes\comentariosRoutes.js
FN:9,(anonymous_0)
FN:25,(anonymous_1)
FN:36,(anonymous_2)
FNF:3
FNH:0
FNDA:0,(anonymous_0)
FNDA:0,(anonymous_1)
FNDA:0,(anonymous_2)
DA:6,2
DA:9,2
DA:10,0
DA:11,0
DA:12,0
DA:13,0
DA:14,0
DA:15,0
DA:16,0
DA:17,0
DA:18,0
DA:20,0
DA:25,2
DA:26,0
DA:27,0
DA:28,0
DA:29,0
DA:31,0
DA:36,2
DA:37,0
DA:38,0
DA:39,0
DA:40,0
DA:41,0
DA:42,0
DA:44,0
LF:26
LH:4
BRDA:13,0,0,0
BRDA:13,0,1,0
BRDA:13,1,0,0
BRDA:13,1,1,0
BRDA:15,2,0,0
BRDA:15,2,1,0
BRDA:40,3,0,0
BRDA:40,3,1,0
BRF:8
BRH:0
end_of_record
TN:
SF:src\routes\indexRoutes.js
FN:7,(anonymous_0)
FNF:1
FNH:1
FNDA:2,(anonymous_0)
DA:7,2
DA:8,2
DA:9,2
DA:10,2
LF:4
LH:4
BRF:0
BRH:0
end_of_record
TN:
SF:src\routes\postsRoutes.js
FNF:0
FNH:0
DA:6,2
DA:89,2
DA:125,2
DA:160,2
DA:202,2
DA:254,2
DA:315,2
LF:7
LH:7
BRF:0
BRH:0
end_of_record
TN:
SF:src\routes\validacaoRoutes.js
FNF:0
FNH:0
DA:4,2
DA:78,2
DA:124,2
LF:3
LH:3
BRF:0
BRH:0
end_of_record
